c:\users\jack\desktop\personal\projects\argo\x64\debug\argo.lib
c:\users\jack\desktop\personal\projects\argo\x64\debug\argo.exp
c:\users\jack\desktop\personal\projects\argo\argo\x64\debug\vc141.pdb
c:\users\jack\desktop\personal\projects\argo\argo\x64\debug\vc141.idb
c:\users\jack\desktop\personal\projects\argo\argo\x64\debug\collidercomponent.obj
c:\users\jack\desktop\personal\projects\argo\argo\x64\debug\collision.obj
c:\users\jack\desktop\personal\projects\argo\argo\x64\debug\commandcomponent.obj
c:\users\jack\desktop\personal\projects\argo\argo\x64\debug\ecs.obj
c:\users\jack\desktop\personal\projects\argo\argo\x64\debug\factory.obj
c:\users\jack\desktop\personal\projects\argo\argo\x64\debug\game.obj
c:\users\jack\desktop\personal\projects\argo\argo\x64\debug\inputsystem.obj
c:\users\jack\desktop\personal\projects\argo\argo\x64\debug\json.obj
c:\users\jack\desktop\personal\projects\argo\argo\x64\debug\jsonvalue.obj
c:\users\jack\desktop\personal\projects\argo\argo\x64\debug\level1.obj
c:\users\jack\desktop\personal\projects\argo\argo\x64\debug\levelloader.obj
c:\users\jack\desktop\personal\projects\argo\argo\x64\debug\main.obj
c:\users\jack\desktop\personal\projects\argo\argo\x64\debug\movementsystem.obj
c:\users\jack\desktop\personal\projects\argo\argo\x64\debug\rendersystem.obj
c:\users\jack\desktop\personal\projects\argo\argo\x64\debug\scenemanager.obj
c:\users\jack\desktop\personal\projects\argo\argo\x64\debug\vector2d.obj
c:\users\jack\desktop\personal\projects\argo\argo\x64\debug\weaponcomponent.obj
c:\users\jack\desktop\personal\projects\argo\argo\x64\debug\pathfinding.obj
c:\users\jack\desktop\personal\projects\argo\argo\x64\debug\aicomponent.obj
c:\users\jack\desktop\personal\projects\argo\argo\x64\debug\aisystem.obj
c:\users\jack\desktop\personal\projects\argo\x64\debug\argo.exe
c:\users\jack\desktop\personal\projects\argo\x64\debug\argo.ilk
c:\users\jack\desktop\personal\projects\argo\x64\debug\argo.pdb
c:\users\jack\desktop\personal\projects\argo\argo\x64\debug\argo.tlog\argo.write.1u.tlog
c:\users\jack\desktop\personal\projects\argo\argo\x64\debug\argo.tlog\cl.command.1.tlog
c:\users\jack\desktop\personal\projects\argo\argo\x64\debug\argo.tlog\cl.read.1.tlog
c:\users\jack\desktop\personal\projects\argo\argo\x64\debug\argo.tlog\cl.write.1.tlog
c:\users\jack\desktop\personal\projects\argo\argo\x64\debug\argo.tlog\link.command.1.tlog
c:\users\jack\desktop\personal\projects\argo\argo\x64\debug\argo.tlog\link.delete.1.tlog
c:\users\jack\desktop\personal\projects\argo\argo\x64\debug\argo.tlog\link.read.1.tlog
c:\users\jack\desktop\personal\projects\argo\argo\x64\debug\argo.tlog\link.write.1.tlog
